mysql> source solution2.sql
--------------
/* 
(1) The script creates two new users: alice and bob. The passwords are up to you.
*/
create user alice identified by 'alice'
--------------

Query OK, 0 rows affected (0.00 sec)

--------------
create user bob identified by 'bob'
--------------

Query OK, 0 rows affected (0.00 sec)

--------------
/* 
(2) The script creates a new database task2 and it creates the relational tables DEPARTMENT and PROJECT in a database task2. 
The relational tables are the same as in the sample database. 
The simplest way is to copy and paste CREATE TABLE statements from a file dbcreate.sql. 
There is no need to insert any data.
*/
create database task2
--------------

Query OK, 1 row affected (0.00 sec)

Database changed
--------------
CREATE TABLE DEPARTMENT (
	dnumber        DECIMAL(5)              NOT NULL, /* Department number              */
	dname          VARCHAR(30)             NOT NULL, /* Department name                */
	manager        CHAR(5)                     NULL, /* Department manager number      */
	budget         DECIMAL(10,2)           NOT NULL, /* Budget of department           */
	msdate         DATE                        NULL, /* Manager start date             */
	CONSTRAINT DEPARTMENT_PK PRIMARY KEY (dnumber),
	CONSTRAINT DEPARTMENT_CK UNIQUE (dname),
	CONSTRAINT DEPARTMENT_CHECK1 CHECK (budget >= 0),
	CONSTRAINT DEPARTMENT_CHECK2 CHECK (dnumber >=1 ) )
--------------

Query OK, 0 rows affected (0.01 sec)

--------------
    
CREATE TABLE PROJECT (
	pnumber         DECIMAL(10)             NOT NULL, /* Project number                */
	ptitle          VARCHAR(30)             NOT NULL, /* Project title                 */
	sponsor         VARCHAR(30)                 NULL, /* Project sponsor name          */
	dnumber         DECIMAL(5)              NOT NULL, /* Department number             */
	budget          DECIMAL(10,2)           NOT NULL, /* Project budget                */
	CONSTRAINT Project_PK PRIMARY KEY(PNumber),
	CONSTRAINT Project_FK FOREIGN KEY (DNumber) REFERENCES DEPARTMENT(DNumber),
	CONSTRAINT Project_CK UNIQUE (PTitle) )
--------------

Query OK, 0 rows affected (0.01 sec)

--------------
/* 
(3) The script grants the access in a read mode to both relational tables DEPARTMENT and PROJECT to a user alice. 
The read access rights must be granted such that a user alice is allowed to grant access in a read mode to both tables to the other users.
*/
grant select on task2.DEPARTMENT to alice with grant option
--------------

Query OK, 0 rows affected (0.00 sec)

--------------
grant select on task2.PROJECT to alice with grant option
--------------

Query OK, 0 rows affected (0.00 sec)

--------------
/* 
(4) The script lists information about the privileges granted in step (3). 
*/
select user, db, table_name, table_priv from mysql.tables_priv where user = 'alice'
--------------

+-------+-------+------------+--------------+
| user  | db    | table_name | table_priv   |
+-------+-------+------------+--------------+
| alice | task2 | department | Select,Grant |
| alice | task2 | project    | Select,Grant |
+-------+-------+------------+--------------+
2 rows in set (0.00 sec)

--------------
/* 
(5) The script grants the access in a write mode to a relational table PROJECT to a user bob. 
In this case, a user bob is not allowed to grant the same privilege to the other users.
*/
grant update, insert, delete on task2.project to bob
--------------

Query OK, 0 rows affected (0.00 sec)

--------------
/* 
(6) The script grants the access in a read mode to the columns dname and budget in the relational table DEPARTMENT to a user bob. 
A user bob is not allowed to grant the same privilege to other users.
*/
grant select(dname, budget) on task2.department to bob
--------------

Query OK, 0 rows affected (0.00 sec)

mysql> use csit882;
Database changed
mysql> tee solution3.rpt
